2022-09-27 04:08:58,033 Generated layer profile with 1 layers:
2022-09-27 04:08:58,034 ["('cx', (Qubit(QuantumRegister(5, 'q'), 0), Qubit(QuantumRegister(5, 'q'), 1)))", "('cx', (Qubit(QuantumRegister(5, 'q'), 3), Qubit(QuantumRegister(5, 'q'), 4)))"]
2022-09-27 04:08:58,036 Created pauli bases
2022-09-27 04:08:58,036 ['XXXXX', 'YXXYX', 'ZXXZX', 'XYYXY', 'YYYYY', 'ZYYZY', 'XZZXZ', 'YZZYZ', 'ZZZZZ']
2022-09-27 04:08:58,036 Created model with the following terms:
2022-09-27 04:08:58,036 {'IIIXZ', 'IIYXI', 'IIZYI', 'IIIYI', 'IIXZI', 'IZIYI', 'IYIZI', 'IYIXI', 'IIYZI', 'IIYII', 'ZIIII', 'XYIII', 'IXIZI', 'IIIZY', 'IIXII', 'IIZZI', 'IIZII', 'ZXIII', 'IIIZX', 'IIIIY', 'IIIZI', 'XXIII', 'IIIXX', 'ZYIII', 'IZIII', 'YZIII', 'IIIYX', 'IXIXI', 'ZZIII', 'IIIIX', 'IIIXI', 'IIXXI', 'IIYYI', 'IIIXY', 'IXIII', 'IZIXI', 'IYIII', 'IIIIZ', 'IXIYI', 'IYIYI', 'YYIII', 'YIIII', 'IIIYZ', 'IIZXI', 'XZIII', 'IIIYY', 'IIXYI', 'IZIZI', 'XIIII', 'IIIZZ', 'YXIII'}
2022-09-27 04:09:02,445 Chose single bases:
2022-09-27 04:09:02,446 ['ZZIYZ', 'YXIZI', 'IXIXX', 'YIIZY', 'IYIZX', 'YYIXY']
2022-09-27 04:09:07,055 Created experiment consisting of 165 instances
2022-09-27 04:09:10,648 Single-depth measurement produced fidelity greater than one: IIIYZ,IIIYI
2022-09-27 04:09:10,648 Product fidelity: 0.9930704343335753
2022-09-27 04:09:10,648 Single fidelity: 0.9800451463189023
2022-09-27 04:09:10,649 Single-depth measurement produced fidelity greater than one: ZZIII,ZIIII
2022-09-27 04:09:10,649 Product fidelity: 0.992617904445508
2022-09-27 04:09:10,650 Single fidelity: 0.9583418446829607
2022-09-27 04:09:10,650 Fit noise model with following fidelities:
2022-09-27 04:09:10,650 [0.9987808986103512, 0.9883153310474939, 0.953360434217097, 0.9833606068415898, 0.9663196557087178, 0.9949616957349453, 0.9932779562702015, 0.9933461669822917, 0.9901561426421843, 0.9935160643517551, 0.9646783225156917, 0.9816272894301166, 1.0109524695567245, 0.9911251283850492, 0.9854898621952679, 0.9912103236105831, 0.9918909280119385, 0.9809702887516935, 0.9860121449477408, 0.9336437412216747, 0.9855981268229214, 0.9962951947429853, 0.9843840974397994, 1.000472101388242, 0.9890026152863272, 0.9669528231432066, 0.9430994699349129, 0.9906892758582743, 0.9931048872707594, 0.9832979787943432, 1.0113288120151087, 0.9646728714703313, 0.9847110111292297, 0.9944618972392548, 0.9653176177371793, 0.9901674321178916, 0.9904719522289012, 0.9996138555030135, 0.9943419528016536, 0.9894991482045858, 0.9954662558946696, 0.9941136480362034, 0.9882541088234174, 0.9953758150906483, 0.9896024000271318, 0.9891953540140775, 0.9861888875474759, 0.9884199536087687, 0.9852903042257917, 0.9833985578098501, 0.9918631097962733]
2022-09-27 04:17:22,746 Generated layer profile with 1 layers:
2022-09-27 04:17:22,746 ["('cx', (Qubit(QuantumRegister(5, 'q'), 0), Qubit(QuantumRegister(5, 'q'), 1)))", "('cx', (Qubit(QuantumRegister(5, 'q'), 3), Qubit(QuantumRegister(5, 'q'), 4)))"]
2022-09-27 04:17:22,749 Created pauli bases
2022-09-27 04:17:22,749 ['XXXXX', 'YXXYX', 'ZXXZX', 'XYYXY', 'YYYYY', 'ZYYZY', 'XZZXZ', 'YZZYZ', 'ZZZZZ']
2022-09-27 04:17:22,749 Created model with the following terms:
2022-09-27 04:17:22,749 {'IIIXZ', 'IIYXI', 'IIZYI', 'IIIYI', 'IIXZI', 'IZIYI', 'IYIZI', 'IYIXI', 'IIYZI', 'IIYII', 'ZIIII', 'XYIII', 'IXIZI', 'IIIZY', 'IIXII', 'IIZZI', 'IIZII', 'ZXIII', 'IIIZX', 'IIIIY', 'IIIZI', 'XXIII', 'IIIXX', 'ZYIII', 'IZIII', 'YZIII', 'IIIYX', 'IXIXI', 'ZZIII', 'IIIIX', 'IIIXI', 'IIXXI', 'IIYYI', 'IIIXY', 'IXIII', 'IZIXI', 'IYIII', 'IIIIZ', 'IXIYI', 'IYIYI', 'YYIII', 'YIIII', 'IIIYZ', 'IIZXI', 'XZIII', 'IIIYY', 'IIXYI', 'IZIZI', 'XIIII', 'IIIZZ', 'YXIII'}
2022-09-27 04:17:22,949 Chose single bases:
2022-09-27 04:17:22,950 ['ZZIYZ', 'YXIZI', 'IXIXX', 'YIIZY', 'IYIZX', 'YYIXY']
2022-09-27 04:17:44,178 Created experiment consisting of 825 instances
2022-09-27 04:18:00,808 Fit noise model with following fidelities:
2022-09-27 04:18:00,808 [0.9993772393255445, 0.9893445319957797, 0.9694407447206529, 0.9857205338606086, 0.9670596737063069, 0.9951643169235, 0.9956908949640553, 0.9896417911023002, 0.989808112699272, 0.9933028383827615, 0.9636572715965822, 0.9811178304975514, 0.9887196962541737, 0.9917861284423477, 0.9744142068050217, 0.9914324090431096, 0.9922677069804258, 0.9810807592721159, 0.9869991272383869, 0.9783513398432662, 0.9963387553678933, 0.9937888842364984, 0.9839468971340376, 0.9992777489694629, 0.9887885822816052, 0.9674342126725088, 0.9684956669273835, 0.992404853443117, 0.9933003158850909, 0.983493935664095, 0.9898870998821387, 0.9653638133015752, 0.9829554658275478, 0.9922145296626693, 0.9608941873870988, 0.9898468925081403, 0.9904505914648339, 0.999613277109071, 0.9935800617203076, 0.9879383300177769, 0.9954873581125869, 0.9948632358074654, 0.9870956660372745, 0.9927454820131485, 0.9872566463377724, 0.98917346313361, 0.9899499717577716, 0.9907374687682885, 0.9891157953771925, 0.9853838816722388, 0.9917889292747789]
